[debug] [2021-11-10T12:58:55.464Z] ----------------------------------------------------------------------
[debug] [2021-11-10T12:58:55.466Z] Command:       C:\Program Files\nodejs\node.exe C:\Users\tdela\AppData\Roaming\npm\node_modules\firebase-tools\lib\bin\firebase.js serve
[debug] [2021-11-10T12:58:55.466Z] CLI Version:   9.22.0
[debug] [2021-11-10T12:58:55.466Z] Platform:      win32
[debug] [2021-11-10T12:58:55.466Z] Node Version:  v14.16.1
[debug] [2021-11-10T12:58:55.467Z] Time:          Wed Nov 10 2021 13:58:55 GMT+0100 (Midden-Europese standaardtijd)
[debug] [2021-11-10T12:58:55.468Z] ----------------------------------------------------------------------
[debug] 
[debug] [2021-11-10T12:58:55.540Z] > command requires scopes: ["email","openid","https://www.googleapis.com/auth/cloudplatformprojects.readonly","https://www.googleapis.com/auth/firebase","https://www.googleapis.com/auth/cloud-platform"]
[debug] [2021-11-10T12:58:55.540Z] > authorizing via signed-in user (tdelaater@gmail.com)
[debug] [2021-11-10T12:58:55.540Z] [iam] checking project my-training-app-f0365 for permissions ["firebase.projects.get"]
[debug] [2021-11-10T12:58:55.544Z] > refreshing access token with scopes: ["email","https://www.googleapis.com/auth/cloud-platform","https://www.googleapis.com/auth/cloudplatformprojects.readonly","https://www.googleapis.com/auth/firebase","openid"]
[debug] [2021-11-10T12:58:55.545Z] >>> HTTP REQUEST POST https://www.googleapis.com/oauth2/v3/token  
 <request body omitted>
[debug] [2021-11-10T12:58:55.623Z] <<< HTTP RESPONSE 200 {"date":"Wed, 10 Nov 2021 12:58:55 GMT","pragma":"no-cache","expires":"Mon, 01 Jan 1990 00:00:00 GMT","cache-control":"no-cache, no-store, max-age=0, must-revalidate","content-type":"application/json; charset=utf-8","vary":"X-Origin, Referer, Origin,Accept-Encoding","server":"scaffolding on HTTPServer2","x-xss-protection":"0","x-frame-options":"SAMEORIGIN","x-content-type-options":"nosniff","alt-svc":"h3=\":443\"; ma=2592000,h3-29=\":443\"; ma=2592000,h3-Q050=\":443\"; ma=2592000,h3-Q046=\":443\"; ma=2592000,h3-Q043=\":443\"; ma=2592000,quic=\":443\"; ma=2592000; v=\"46,43\"","accept-ranges":"none","transfer-encoding":"chunked"}
[debug] [2021-11-10T12:58:55.640Z] >>> HTTP REQUEST POST https://cloudresourcemanager.googleapis.com/v1/projects/my-training-app-f0365:testIamPermissions  
 {"permissions":["firebase.projects.get"]}
[debug] [2021-11-10T12:58:56.310Z] <<< HTTP RESPONSE 200 {"content-type":"application/json; charset=UTF-8","vary":"X-Origin, Referer, Origin,Accept-Encoding","date":"Wed, 10 Nov 2021 12:58:56 GMT","server":"ESF","cache-control":"private","x-xss-protection":"0","x-frame-options":"SAMEORIGIN","x-content-type-options":"nosniff","server-timing":"gfet4t7; dur=579","alt-svc":"h3=\":443\"; ma=2592000,h3-29=\":443\"; ma=2592000,h3-Q050=\":443\"; ma=2592000,h3-Q046=\":443\"; ma=2592000,h3-Q043=\":443\"; ma=2592000,quic=\":443\"; ma=2592000; v=\"46,43\"","accept-ranges":"none","transfer-encoding":"chunked"}
[debug] [2021-11-10T12:58:56.312Z] > refreshing access token with scopes: []
[debug] [2021-11-10T12:58:56.312Z] >>> HTTP REQUEST POST https://www.googleapis.com/oauth2/v3/token  
 <request body omitted>
[debug] [2021-11-10T12:58:56.353Z] <<< HTTP RESPONSE 200 {"expires":"Mon, 01 Jan 1990 00:00:00 GMT","date":"Wed, 10 Nov 2021 12:58:56 GMT","cache-control":"no-cache, no-store, max-age=0, must-revalidate","pragma":"no-cache","content-type":"application/json; charset=utf-8","vary":"X-Origin, Referer, Origin,Accept-Encoding","server":"scaffolding on HTTPServer2","x-xss-protection":"0","x-frame-options":"SAMEORIGIN","x-content-type-options":"nosniff","alt-svc":"h3=\":443\"; ma=2592000,h3-29=\":443\"; ma=2592000,h3-Q050=\":443\"; ma=2592000,h3-Q046=\":443\"; ma=2592000,h3-Q043=\":443\"; ma=2592000,quic=\":443\"; ma=2592000; v=\"46,43\"","accept-ranges":"none","transfer-encoding":"chunked"}
[debug] [2021-11-10T12:58:56.373Z] >>> [apiv2][query] GET https://firebase.googleapis.com/v1beta1/projects/my-training-app-f0365 [none]
[debug] [2021-11-10T12:58:56.617Z] <<< [apiv2][status] GET https://firebase.googleapis.com/v1beta1/projects/my-training-app-f0365 200
[debug] [2021-11-10T12:58:56.617Z] <<< [apiv2][body] GET https://firebase.googleapis.com/v1beta1/projects/my-training-app-f0365 {"projectId":"my-training-app-f0365","projectNumber":"560530278404","displayName":"my-training-app","name":"projects/my-training-app-f0365","resources":{"hostingSite":"my-training-app-f0365"},"state":"ACTIVE"}
[info] 
[info] === Serving from 'C:\Users\tdela\OneDrive\Documenten\Avans\Jaar2\P2\Cswp\my-angular-app'...
[info] 
[debug] [2021-11-10T12:58:56.621Z] >>> [apiv2][query] GET https://firebasehosting.googleapis.com/v1beta1/projects/my-training-app-f0365/sites 
[debug] [2021-11-10T12:58:57.427Z] <<< [apiv2][status] GET https://firebasehosting.googleapis.com/v1beta1/projects/my-training-app-f0365/sites 200
[debug] [2021-11-10T12:58:57.428Z] <<< [apiv2][body] GET https://firebasehosting.googleapis.com/v1beta1/projects/my-training-app-f0365/sites {"sites":[{"name":"projects/560530278404/sites/my-training-app-f0365","defaultUrl":"https://my-training-app-f0365.web.app","type":"DEFAULT_SITE"}]}
[debug] [2021-11-10T12:58:57.428Z] >>> [apiv2][query] GET https://firebase.googleapis.com/v1beta1/projects/my-training-app-f0365/webApps/-/config [none]
[debug] [2021-11-10T12:58:57.943Z] <<< [apiv2][status] GET https://firebase.googleapis.com/v1beta1/projects/my-training-app-f0365/webApps/-/config 200
[debug] [2021-11-10T12:58:57.944Z] <<< [apiv2][body] GET https://firebase.googleapis.com/v1beta1/projects/my-training-app-f0365/webApps/-/config {"projectId":"my-training-app-f0365","storageBucket":"my-training-app-f0365.appspot.com","apiKey":"AIzaSyCD5v4CPnwBKdSmjaJ5BCAbW96WZklmIIY","authDomain":"my-training-app-f0365.firebaseapp.com","messagingSenderId":"560530278404"}
[info] i  hosting: Serving hosting files from: dist/my-angular-app {"metadata":{"emulator":{"name":"hosting"},"message":"Serving hosting files from: \u001b[1mdist/my-angular-app\u001b[22m"}}
[info] +  hosting: Local server: http://localhost:5000 {"metadata":{"emulator":{"name":"hosting"},"message":"Local server: \u001b[4m\u001b[1mhttp://localhost:5000\u001b[22m\u001b[24m"}}
